<?xml version="1.0" encoding="UTF-8"?>
<testsuite xmlns:xsi="http://www.w3.org/2001/XMLSchema-instance" xsi:noNamespaceSchemaLocation="https://maven.apache.org/surefire/maven-surefire-plugin/xsd/surefire-test-report.xsd" name="UpdateUserDataTest" time="16.365" tests="8" errors="0" skipped="0" failures="0">
  <properties>
[...]
</properties>
  <testcase name="modifyUserDataTest[0]" classname="UpdateUserDataTest" time="6.953"/>
  <testcase name="modifyUserDataWithoutAuthorizationTest[0]" classname="UpdateUserDataTest" time="1.206"/>
  <testcase name="modifyUserDataTest[1]" classname="UpdateUserDataTest" time="1.545"/>
  <testcase name="modifyUserDataWithoutAuthorizationTest[1]" classname="UpdateUserDataTest" time="0.973"/>
  <testcase name="modifyUserDataTest[2]" classname="UpdateUserDataTest" time="1.66"/>
  <testcase name="modifyUserDataWithoutAuthorizationTest[2]" classname="UpdateUserDataTest" time="0.93"/>
  <testcase name="modifyUserDataTest[3]" classname="UpdateUserDataTest" time="1.643"/>
  <testcase name="modifyUserDataWithoutAuthorizationTest[3]" classname="UpdateUserDataTest" time="0.953"/>
</testsuite>