<?xml version="1.0" encoding="UTF-8"?>
<testsuite xmlns:xsi="http://www.w3.org/2001/XMLSchema-instance" xsi:noNamespaceSchemaLocation="https://maven.apache.org/surefire/maven-surefire-plugin/xsd/surefire-test-report.xsd" name="UpdateUserDataTest" time="8.607" tests="8" errors="0" skipped="0" failures="0">
  <properties>
[...]
</properties>
  <testcase name="modifyUserDataTest[0]" classname="UpdateUserDataTest" time="1.341"/>
  <testcase name="modifyUserDataWithoutAuthorizationTest[0]" classname="UpdateUserDataTest" time="0.828"/>
  <testcase name="modifyUserDataTest[1]" classname="UpdateUserDataTest" time="1.342"/>
  <testcase name="modifyUserDataWithoutAuthorizationTest[1]" classname="UpdateUserDataTest" time="0.812"/>
  <testcase name="modifyUserDataTest[2]" classname="UpdateUserDataTest" time="1.314"/>
  <testcase name="modifyUserDataWithoutAuthorizationTest[2]" classname="UpdateUserDataTest" time="0.78"/>
  <testcase name="modifyUserDataTest[3]" classname="UpdateUserDataTest" time="1.383"/>
  <testcase name="modifyUserDataWithoutAuthorizationTest[3]" classname="UpdateUserDataTest" time="0.782"/>
</testsuite>